<?xml version="1.0" encoding="UTF-8"?>
<testsuite xmlns:xsi="http://www.w3.org/2001/XMLSchema-instance" xsi:noNamespaceSchemaLocation="https://maven.apache.org/surefire/maven-surefire-plugin/xsd/surefire-test-report-3.0.xsd" version="3.0" name="TestRunner.SmokeRunner" time="49.71" tests="9" errors="2" skipped="0" failures="0">
  <properties>
    <property name="java.specification.version" value="20"/>
    <property name="sun.jnu.encoding" value="UTF-8"/>
    <property name="java.class.path" value="/Users/crizzynicdao/IdeaProjects/CucumberBatch15/target/test-classes:/Users/crizzynicdao/IdeaProjects/CucumberBatch15/target/classes:/Users/crizzynicdao/.m2/repository/org/seleniumhq/selenium/selenium-java/4.8.3/selenium-java-4.8.3.jar:/Users/crizzynicdao/.m2/repository/org/seleniumhq/selenium/selenium-api/4.8.3/selenium-api-4.8.3.jar:/Users/crizzynicdao/.m2/repository/org/seleniumhq/selenium/selenium-chrome-driver/4.8.3/selenium-chrome-driver-4.8.3.jar:/Users/crizzynicdao/.m2/repository/com/google/auto/service/auto-service-annotations/1.0.1/auto-service-annotations-1.0.1.jar:/Users/crizzynicdao/.m2/repository/com/google/auto/service/auto-service/1.0.1/auto-service-1.0.1.jar:/Users/crizzynicdao/.m2/repository/com/google/auto/auto-common/1.2/auto-common-1.2.jar:/Users/crizzynicdao/.m2/repository/com/google/guava/guava/31.1-jre/guava-31.1-jre.jar:/Users/crizzynicdao/.m2/repository/com/google/guava/failureaccess/1.0.1/failureaccess-1.0.1.jar:/Users/crizzynicdao/.m2/repository/com/google/guava/listenablefuture/9999.0-empty-to-avoid-conflict-with-guava/listenablefuture-9999.0-empty-to-avoid-conflict-with-guava.jar:/Users/crizzynicdao/.m2/repository/com/google/code/findbugs/jsr305/3.0.2/jsr305-3.0.2.jar:/Users/crizzynicdao/.m2/repository/org/checkerframework/checker-qual/3.12.0/checker-qual-3.12.0.jar:/Users/crizzynicdao/.m2/repository/com/google/errorprone/error_prone_annotations/2.11.0/error_prone_annotations-2.11.0.jar:/Users/crizzynicdao/.m2/repository/com/google/j2objc/j2objc-annotations/1.3/j2objc-annotations-1.3.jar:/Users/crizzynicdao/.m2/repository/org/seleniumhq/selenium/selenium-chromium-driver/4.8.3/selenium-chromium-driver-4.8.3.jar:/Users/crizzynicdao/.m2/repository/org/seleniumhq/selenium/selenium-json/4.8.3/selenium-json-4.8.3.jar:/Users/crizzynicdao/.m2/repository/org/seleniumhq/selenium/selenium-manager/4.8.3/selenium-manager-4.8.3.jar:/Users/crizzynicdao/.m2/repository/org/seleniumhq/selenium/selenium-devtools-v109/4.8.3/selenium-devtools-v109-4.8.3.jar:/Users/crizzynicdao/.m2/repository/org/seleniumhq/selenium/selenium-devtools-v110/4.8.3/selenium-devtools-v110-4.8.3.jar:/Users/crizzynicdao/.m2/repository/org/seleniumhq/selenium/selenium-devtools-v111/4.8.3/selenium-devtools-v111-4.8.3.jar:/Users/crizzynicdao/.m2/repository/org/seleniumhq/selenium/selenium-devtools-v85/4.8.3/selenium-devtools-v85-4.8.3.jar:/Users/crizzynicdao/.m2/repository/org/seleniumhq/selenium/selenium-edge-driver/4.8.3/selenium-edge-driver-4.8.3.jar:/Users/crizzynicdao/.m2/repository/org/seleniumhq/selenium/selenium-firefox-driver/4.8.3/selenium-firefox-driver-4.8.3.jar:/Users/crizzynicdao/.m2/repository/org/seleniumhq/selenium/selenium-http/4.8.3/selenium-http-4.8.3.jar:/Users/crizzynicdao/.m2/repository/dev/failsafe/failsafe/3.3.1/failsafe-3.3.1.jar:/Users/crizzynicdao/.m2/repository/org/seleniumhq/selenium/selenium-ie-driver/4.8.3/selenium-ie-driver-4.8.3.jar:/Users/crizzynicdao/.m2/repository/org/seleniumhq/selenium/selenium-remote-driver/4.8.3/selenium-remote-driver-4.8.3.jar:/Users/crizzynicdao/.m2/repository/com/beust/jcommander/1.82/jcommander-1.82.jar:/Users/crizzynicdao/.m2/repository/io/netty/netty-buffer/4.1.90.Final/netty-buffer-4.1.90.Final.jar:/Users/crizzynicdao/.m2/repository/io/netty/netty-codec-http/4.1.90.Final/netty-codec-http-4.1.90.Final.jar:/Users/crizzynicdao/.m2/repository/io/netty/netty-codec/4.1.90.Final/netty-codec-4.1.90.Final.jar:/Users/crizzynicdao/.m2/repository/io/netty/netty-handler/4.1.90.Final/netty-handler-4.1.90.Final.jar:/Users/crizzynicdao/.m2/repository/io/netty/netty-common/4.1.90.Final/netty-common-4.1.90.Final.jar:/Users/crizzynicdao/.m2/repository/io/netty/netty-transport-classes-epoll/4.1.90.Final/netty-transport-classes-epoll-4.1.90.Final.jar:/Users/crizzynicdao/.m2/repository/io/netty/netty-transport-classes-kqueue/4.1.90.Final/netty-transport-classes-kqueue-4.1.90.Final.jar:/Users/crizzynicdao/.m2/repository/io/netty/netty-transport-native-epoll/4.1.90.Final/netty-transport-native-epoll-4.1.90.Final.jar:/Users/crizzynicdao/.m2/repository/io/netty/netty-transport-native-kqueue/4.1.90.Final/netty-transport-native-kqueue-4.1.90.Final.jar:/Users/crizzynicdao/.m2/repository/io/netty/netty-transport-native-unix-common/4.1.90.Final/netty-transport-native-unix-common-4.1.90.Final.jar:/Users/crizzynicdao/.m2/repository/io/netty/netty-transport/4.1.90.Final/netty-transport-4.1.90.Final.jar:/Users/crizzynicdao/.m2/repository/io/netty/netty-resolver/4.1.90.Final/netty-resolver-4.1.90.Final.jar:/Users/crizzynicdao/.m2/repository/io/opentelemetry/opentelemetry-api/1.24.0/opentelemetry-api-1.24.0.jar:/Users/crizzynicdao/.m2/repository/io/opentelemetry/opentelemetry-context/1.24.0/opentelemetry-context-1.24.0.jar:/Users/crizzynicdao/.m2/repository/io/opentelemetry/opentelemetry-exporter-logging/1.24.0/opentelemetry-exporter-logging-1.24.0.jar:/Users/crizzynicdao/.m2/repository/io/opentelemetry/opentelemetry-sdk-metrics/1.24.0/opentelemetry-sdk-metrics-1.24.0.jar:/Users/crizzynicdao/.m2/repository/io/opentelemetry/opentelemetry-sdk-logs/1.24.0-alpha/opentelemetry-sdk-logs-1.24.0-alpha.jar:/Users/crizzynicdao/.m2/repository/io/opentelemetry/opentelemetry-api-logs/1.24.0-alpha/opentelemetry-api-logs-1.24.0-alpha.jar:/Users/crizzynicdao/.m2/repository/io/opentelemetry/opentelemetry-api-events/1.24.0-alpha/opentelemetry-api-events-1.24.0-alpha.jar:/Users/crizzynicdao/.m2/repository/io/opentelemetry/opentelemetry-sdk-common/1.24.0/opentelemetry-sdk-common-1.24.0.jar:/Users/crizzynicdao/.m2/repository/io/opentelemetry/opentelemetry-sdk-extension-autoconfigure-spi/1.24.0/opentelemetry-sdk-extension-autoconfigure-spi-1.24.0.jar:/Users/crizzynicdao/.m2/repository/io/opentelemetry/opentelemetry-sdk-extension-autoconfigure/1.24.0-alpha/opentelemetry-sdk-extension-autoconfigure-1.24.0-alpha.jar:/Users/crizzynicdao/.m2/repository/io/opentelemetry/opentelemetry-sdk-trace/1.24.0/opentelemetry-sdk-trace-1.24.0.jar:/Users/crizzynicdao/.m2/repository/io/opentelemetry/opentelemetry-sdk/1.24.0/opentelemetry-sdk-1.24.0.jar:/Users/crizzynicdao/.m2/repository/io/opentelemetry/opentelemetry-semconv/1.24.0-alpha/opentelemetry-semconv-1.24.0-alpha.jar:/Users/crizzynicdao/.m2/repository/io/ous/jtoml/2.0.0/jtoml-2.0.0.jar:/Users/crizzynicdao/.m2/repository/net/bytebuddy/byte-buddy/1.14.2/byte-buddy-1.14.2.jar:/Users/crizzynicdao/.m2/repository/org/apache/commons/commons-exec/1.3/commons-exec-1.3.jar:/Users/crizzynicdao/.m2/repository/org/asynchttpclient/async-http-client/2.12.3/async-http-client-2.12.3.jar:/Users/crizzynicdao/.m2/repository/org/asynchttpclient/async-http-client-netty-utils/2.12.3/async-http-client-netty-utils-2.12.3.jar:/Users/crizzynicdao/.m2/repository/io/netty/netty-codec-socks/4.1.60.Final/netty-codec-socks-4.1.60.Final.jar:/Users/crizzynicdao/.m2/repository/io/netty/netty-handler-proxy/4.1.60.Final/netty-handler-proxy-4.1.60.Final.jar:/Users/crizzynicdao/.m2/repository/io/netty/netty-transport-native-epoll/4.1.60.Final/netty-transport-native-epoll-4.1.60.Final-linux-x86_64.jar:/Users/crizzynicdao/.m2/repository/io/netty/netty-transport-native-kqueue/4.1.60.Final/netty-transport-native-kqueue-4.1.60.Final-osx-x86_64.jar:/Users/crizzynicdao/.m2/repository/org/reactivestreams/reactive-streams/1.0.3/reactive-streams-1.0.3.jar:/Users/crizzynicdao/.m2/repository/com/typesafe/netty/netty-reactive-streams/2.0.4/netty-reactive-streams-2.0.4.jar:/Users/crizzynicdao/.m2/repository/org/slf4j/slf4j-api/1.7.30/slf4j-api-1.7.30.jar:/Users/crizzynicdao/.m2/repository/com/sun/activation/jakarta.activation/1.2.2/jakarta.activation-1.2.2.jar:/Users/crizzynicdao/.m2/repository/org/seleniumhq/selenium/selenium-safari-driver/4.8.3/selenium-safari-driver-4.8.3.jar:/Users/crizzynicdao/.m2/repository/org/seleniumhq/selenium/selenium-support/4.8.3/selenium-support-4.8.3.jar:/Users/crizzynicdao/.m2/repository/io/cucumber/cucumber-java/7.11.2/cucumber-java-7.11.2.jar:/Users/crizzynicdao/.m2/repository/io/cucumber/cucumber-core/7.11.2/cucumber-core-7.11.2.jar:/Users/crizzynicdao/.m2/repository/io/cucumber/cucumber-gherkin/7.11.2/cucumber-gherkin-7.11.2.jar:/Users/crizzynicdao/.m2/repository/io/cucumber/cucumber-gherkin-messages/7.11.2/cucumber-gherkin-messages-7.11.2.jar:/Users/crizzynicdao/.m2/repository/io/cucumber/gherkin/26.0.3/gherkin-26.0.3.jar:/Users/crizzynicdao/.m2/repository/io/cucumber/messages/21.0.1/messages-21.0.1.jar:/Users/crizzynicdao/.m2/repository/io/cucumber/tag-expressions/5.0.1/tag-expressions-5.0.1.jar:/Users/crizzynicdao/.m2/repository/io/cucumber/cucumber-expressions/16.1.2/cucumber-expressions-16.1.2.jar:/Users/crizzynicdao/.m2/repository/io/cucumber/datatable/7.11.2/datatable-7.11.2.jar:/Users/crizzynicdao/.m2/repository/io/cucumber/cucumber-plugin/7.11.2/cucumber-plugin-7.11.2.jar:/Users/crizzynicdao/.m2/repository/io/cucumber/docstring/7.11.2/docstring-7.11.2.jar:/Users/crizzynicdao/.m2/repository/io/cucumber/html-formatter/20.2.1/html-formatter-20.2.1.jar:/Users/crizzynicdao/.m2/repository/io/cucumber/junit-xml-formatter/0.1.0/junit-xml-formatter-0.1.0.jar:/Users/crizzynicdao/.m2/repository/io/cucumber/ci-environment/9.1.0/ci-environment-9.1.0.jar:/Users/crizzynicdao/.m2/repository/org/apiguardian/apiguardian-api/1.1.2/apiguardian-api-1.1.2.jar:/Users/crizzynicdao/.m2/repository/io/cucumber/cucumber-junit/7.11.2/cucumber-junit-7.11.2.jar:/Users/crizzynicdao/.m2/repository/junit/junit/4.13.2/junit-4.13.2.jar:/Users/crizzynicdao/.m2/repository/org/hamcrest/hamcrest-core/1.3/hamcrest-core-1.3.jar:/Users/crizzynicdao/.m2/repository/org/apache/poi/poi/5.2.3/poi-5.2.3.jar:/Users/crizzynicdao/.m2/repository/commons-codec/commons-codec/1.15/commons-codec-1.15.jar:/Users/crizzynicdao/.m2/repository/org/apache/commons/commons-collections4/4.4/commons-collections4-4.4.jar:/Users/crizzynicdao/.m2/repository/org/apache/commons/commons-math3/3.6.1/commons-math3-3.6.1.jar:/Users/crizzynicdao/.m2/repository/com/zaxxer/SparseBitSet/1.2/SparseBitSet-1.2.jar:/Users/crizzynicdao/.m2/repository/org/apache/logging/log4j/log4j-api/2.18.0/log4j-api-2.18.0.jar:/Users/crizzynicdao/.m2/repository/org/apache/poi/poi-ooxml/5.2.3/poi-ooxml-5.2.3.jar:/Users/crizzynicdao/.m2/repository/org/apache/poi/poi-ooxml-lite/5.2.3/poi-ooxml-lite-5.2.3.jar:/Users/crizzynicdao/.m2/repository/org/apache/xmlbeans/xmlbeans/5.1.1/xmlbeans-5.1.1.jar:/Users/crizzynicdao/.m2/repository/org/apache/commons/commons-compress/1.21/commons-compress-1.21.jar:/Users/crizzynicdao/.m2/repository/com/github/virtuald/curvesapi/1.07/curvesapi-1.07.jar:/Users/crizzynicdao/.m2/repository/commons-io/commons-io/2.11.0/commons-io-2.11.0.jar:/Users/crizzynicdao/.m2/repository/log4j/log4j/1.2.17/log4j-1.2.17.jar:"/>
    <property name="java.vm.vendor" value="Homebrew"/>
    <property name="sun.arch.data.model" value="64"/>
    <property name="java.vendor.url" value="https://github.com/Homebrew/homebrew-core/issues"/>
    <property name="os.name" value="Mac OS X"/>
    <property name="java.vm.specification.version" value="20"/>
    <property name="sun.java.launcher" value="SUN_STANDARD"/>
    <property name="user.country" value="US"/>
    <property name="sun.boot.library.path" value="/opt/homebrew/Cellar/openjdk/20/libexec/openjdk.jdk/Contents/Home/lib"/>
    <property name="sun.java.command" value="/Users/crizzynicdao/IdeaProjects/CucumberBatch15/target/surefire/surefirebooter-20230503095410070_3.jar /Users/crizzynicdao/IdeaProjects/CucumberBatch15/target/surefire 2023-05-03T09-54-10_031-jvmRun1 surefire-20230503095410070_1tmp surefire_0-20230503095410070_2tmp"/>
    <property name="http.nonProxyHosts" value="local|*.local|169.254/16|*.169.254/16"/>
    <property name="jdk.debug" value="release"/>
    <property name="surefire.test.class.path" value="/Users/crizzynicdao/IdeaProjects/CucumberBatch15/target/test-classes:/Users/crizzynicdao/IdeaProjects/CucumberBatch15/target/classes:/Users/crizzynicdao/.m2/repository/org/seleniumhq/selenium/selenium-java/4.8.3/selenium-java-4.8.3.jar:/Users/crizzynicdao/.m2/repository/org/seleniumhq/selenium/selenium-api/4.8.3/selenium-api-4.8.3.jar:/Users/crizzynicdao/.m2/repository/org/seleniumhq/selenium/selenium-chrome-driver/4.8.3/selenium-chrome-driver-4.8.3.jar:/Users/crizzynicdao/.m2/repository/com/google/auto/service/auto-service-annotations/1.0.1/auto-service-annotations-1.0.1.jar:/Users/crizzynicdao/.m2/repository/com/google/auto/service/auto-service/1.0.1/auto-service-1.0.1.jar:/Users/crizzynicdao/.m2/repository/com/google/auto/auto-common/1.2/auto-common-1.2.jar:/Users/crizzynicdao/.m2/repository/com/google/guava/guava/31.1-jre/guava-31.1-jre.jar:/Users/crizzynicdao/.m2/repository/com/google/guava/failureaccess/1.0.1/failureaccess-1.0.1.jar:/Users/crizzynicdao/.m2/repository/com/google/guava/listenablefuture/9999.0-empty-to-avoid-conflict-with-guava/listenablefuture-9999.0-empty-to-avoid-conflict-with-guava.jar:/Users/crizzynicdao/.m2/repository/com/google/code/findbugs/jsr305/3.0.2/jsr305-3.0.2.jar:/Users/crizzynicdao/.m2/repository/org/checkerframework/checker-qual/3.12.0/checker-qual-3.12.0.jar:/Users/crizzynicdao/.m2/repository/com/google/errorprone/error_prone_annotations/2.11.0/error_prone_annotations-2.11.0.jar:/Users/crizzynicdao/.m2/repository/com/google/j2objc/j2objc-annotations/1.3/j2objc-annotations-1.3.jar:/Users/crizzynicdao/.m2/repository/org/seleniumhq/selenium/selenium-chromium-driver/4.8.3/selenium-chromium-driver-4.8.3.jar:/Users/crizzynicdao/.m2/repository/org/seleniumhq/selenium/selenium-json/4.8.3/selenium-json-4.8.3.jar:/Users/crizzynicdao/.m2/repository/org/seleniumhq/selenium/selenium-manager/4.8.3/selenium-manager-4.8.3.jar:/Users/crizzynicdao/.m2/repository/org/seleniumhq/selenium/selenium-devtools-v109/4.8.3/selenium-devtools-v109-4.8.3.jar:/Users/crizzynicdao/.m2/repository/org/seleniumhq/selenium/selenium-devtools-v110/4.8.3/selenium-devtools-v110-4.8.3.jar:/Users/crizzynicdao/.m2/repository/org/seleniumhq/selenium/selenium-devtools-v111/4.8.3/selenium-devtools-v111-4.8.3.jar:/Users/crizzynicdao/.m2/repository/org/seleniumhq/selenium/selenium-devtools-v85/4.8.3/selenium-devtools-v85-4.8.3.jar:/Users/crizzynicdao/.m2/repository/org/seleniumhq/selenium/selenium-edge-driver/4.8.3/selenium-edge-driver-4.8.3.jar:/Users/crizzynicdao/.m2/repository/org/seleniumhq/selenium/selenium-firefox-driver/4.8.3/selenium-firefox-driver-4.8.3.jar:/Users/crizzynicdao/.m2/repository/org/seleniumhq/selenium/selenium-http/4.8.3/selenium-http-4.8.3.jar:/Users/crizzynicdao/.m2/repository/dev/failsafe/failsafe/3.3.1/failsafe-3.3.1.jar:/Users/crizzynicdao/.m2/repository/org/seleniumhq/selenium/selenium-ie-driver/4.8.3/selenium-ie-driver-4.8.3.jar:/Users/crizzynicdao/.m2/repository/org/seleniumhq/selenium/selenium-remote-driver/4.8.3/selenium-remote-driver-4.8.3.jar:/Users/crizzynicdao/.m2/repository/com/beust/jcommander/1.82/jcommander-1.82.jar:/Users/crizzynicdao/.m2/repository/io/netty/netty-buffer/4.1.90.Final/netty-buffer-4.1.90.Final.jar:/Users/crizzynicdao/.m2/repository/io/netty/netty-codec-http/4.1.90.Final/netty-codec-http-4.1.90.Final.jar:/Users/crizzynicdao/.m2/repository/io/netty/netty-codec/4.1.90.Final/netty-codec-4.1.90.Final.jar:/Users/crizzynicdao/.m2/repository/io/netty/netty-handler/4.1.90.Final/netty-handler-4.1.90.Final.jar:/Users/crizzynicdao/.m2/repository/io/netty/netty-common/4.1.90.Final/netty-common-4.1.90.Final.jar:/Users/crizzynicdao/.m2/repository/io/netty/netty-transport-classes-epoll/4.1.90.Final/netty-transport-classes-epoll-4.1.90.Final.jar:/Users/crizzynicdao/.m2/repository/io/netty/netty-transport-classes-kqueue/4.1.90.Final/netty-transport-classes-kqueue-4.1.90.Final.jar:/Users/crizzynicdao/.m2/repository/io/netty/netty-transport-native-epoll/4.1.90.Final/netty-transport-native-epoll-4.1.90.Final.jar:/Users/crizzynicdao/.m2/repository/io/netty/netty-transport-native-kqueue/4.1.90.Final/netty-transport-native-kqueue-4.1.90.Final.jar:/Users/crizzynicdao/.m2/repository/io/netty/netty-transport-native-unix-common/4.1.90.Final/netty-transport-native-unix-common-4.1.90.Final.jar:/Users/crizzynicdao/.m2/repository/io/netty/netty-transport/4.1.90.Final/netty-transport-4.1.90.Final.jar:/Users/crizzynicdao/.m2/repository/io/netty/netty-resolver/4.1.90.Final/netty-resolver-4.1.90.Final.jar:/Users/crizzynicdao/.m2/repository/io/opentelemetry/opentelemetry-api/1.24.0/opentelemetry-api-1.24.0.jar:/Users/crizzynicdao/.m2/repository/io/opentelemetry/opentelemetry-context/1.24.0/opentelemetry-context-1.24.0.jar:/Users/crizzynicdao/.m2/repository/io/opentelemetry/opentelemetry-exporter-logging/1.24.0/opentelemetry-exporter-logging-1.24.0.jar:/Users/crizzynicdao/.m2/repository/io/opentelemetry/opentelemetry-sdk-metrics/1.24.0/opentelemetry-sdk-metrics-1.24.0.jar:/Users/crizzynicdao/.m2/repository/io/opentelemetry/opentelemetry-sdk-logs/1.24.0-alpha/opentelemetry-sdk-logs-1.24.0-alpha.jar:/Users/crizzynicdao/.m2/repository/io/opentelemetry/opentelemetry-api-logs/1.24.0-alpha/opentelemetry-api-logs-1.24.0-alpha.jar:/Users/crizzynicdao/.m2/repository/io/opentelemetry/opentelemetry-api-events/1.24.0-alpha/opentelemetry-api-events-1.24.0-alpha.jar:/Users/crizzynicdao/.m2/repository/io/opentelemetry/opentelemetry-sdk-common/1.24.0/opentelemetry-sdk-common-1.24.0.jar:/Users/crizzynicdao/.m2/repository/io/opentelemetry/opentelemetry-sdk-extension-autoconfigure-spi/1.24.0/opentelemetry-sdk-extension-autoconfigure-spi-1.24.0.jar:/Users/crizzynicdao/.m2/repository/io/opentelemetry/opentelemetry-sdk-extension-autoconfigure/1.24.0-alpha/opentelemetry-sdk-extension-autoconfigure-1.24.0-alpha.jar:/Users/crizzynicdao/.m2/repository/io/opentelemetry/opentelemetry-sdk-trace/1.24.0/opentelemetry-sdk-trace-1.24.0.jar:/Users/crizzynicdao/.m2/repository/io/opentelemetry/opentelemetry-sdk/1.24.0/opentelemetry-sdk-1.24.0.jar:/Users/crizzynicdao/.m2/repository/io/opentelemetry/opentelemetry-semconv/1.24.0-alpha/opentelemetry-semconv-1.24.0-alpha.jar:/Users/crizzynicdao/.m2/repository/io/ous/jtoml/2.0.0/jtoml-2.0.0.jar:/Users/crizzynicdao/.m2/repository/net/bytebuddy/byte-buddy/1.14.2/byte-buddy-1.14.2.jar:/Users/crizzynicdao/.m2/repository/org/apache/commons/commons-exec/1.3/commons-exec-1.3.jar:/Users/crizzynicdao/.m2/repository/org/asynchttpclient/async-http-client/2.12.3/async-http-client-2.12.3.jar:/Users/crizzynicdao/.m2/repository/org/asynchttpclient/async-http-client-netty-utils/2.12.3/async-http-client-netty-utils-2.12.3.jar:/Users/crizzynicdao/.m2/repository/io/netty/netty-codec-socks/4.1.60.Final/netty-codec-socks-4.1.60.Final.jar:/Users/crizzynicdao/.m2/repository/io/netty/netty-handler-proxy/4.1.60.Final/netty-handler-proxy-4.1.60.Final.jar:/Users/crizzynicdao/.m2/repository/io/netty/netty-transport-native-epoll/4.1.60.Final/netty-transport-native-epoll-4.1.60.Final-linux-x86_64.jar:/Users/crizzynicdao/.m2/repository/io/netty/netty-transport-native-kqueue/4.1.60.Final/netty-transport-native-kqueue-4.1.60.Final-osx-x86_64.jar:/Users/crizzynicdao/.m2/repository/org/reactivestreams/reactive-streams/1.0.3/reactive-streams-1.0.3.jar:/Users/crizzynicdao/.m2/repository/com/typesafe/netty/netty-reactive-streams/2.0.4/netty-reactive-streams-2.0.4.jar:/Users/crizzynicdao/.m2/repository/org/slf4j/slf4j-api/1.7.30/slf4j-api-1.7.30.jar:/Users/crizzynicdao/.m2/repository/com/sun/activation/jakarta.activation/1.2.2/jakarta.activation-1.2.2.jar:/Users/crizzynicdao/.m2/repository/org/seleniumhq/selenium/selenium-safari-driver/4.8.3/selenium-safari-driver-4.8.3.jar:/Users/crizzynicdao/.m2/repository/org/seleniumhq/selenium/selenium-support/4.8.3/selenium-support-4.8.3.jar:/Users/crizzynicdao/.m2/repository/io/cucumber/cucumber-java/7.11.2/cucumber-java-7.11.2.jar:/Users/crizzynicdao/.m2/repository/io/cucumber/cucumber-core/7.11.2/cucumber-core-7.11.2.jar:/Users/crizzynicdao/.m2/repository/io/cucumber/cucumber-gherkin/7.11.2/cucumber-gherkin-7.11.2.jar:/Users/crizzynicdao/.m2/repository/io/cucumber/cucumber-gherkin-messages/7.11.2/cucumber-gherkin-messages-7.11.2.jar:/Users/crizzynicdao/.m2/repository/io/cucumber/gherkin/26.0.3/gherkin-26.0.3.jar:/Users/crizzynicdao/.m2/repository/io/cucumber/messages/21.0.1/messages-21.0.1.jar:/Users/crizzynicdao/.m2/repository/io/cucumber/tag-expressions/5.0.1/tag-expressions-5.0.1.jar:/Users/crizzynicdao/.m2/repository/io/cucumber/cucumber-expressions/16.1.2/cucumber-expressions-16.1.2.jar:/Users/crizzynicdao/.m2/repository/io/cucumber/datatable/7.11.2/datatable-7.11.2.jar:/Users/crizzynicdao/.m2/repository/io/cucumber/cucumber-plugin/7.11.2/cucumber-plugin-7.11.2.jar:/Users/crizzynicdao/.m2/repository/io/cucumber/docstring/7.11.2/docstring-7.11.2.jar:/Users/crizzynicdao/.m2/repository/io/cucumber/html-formatter/20.2.1/html-formatter-20.2.1.jar:/Users/crizzynicdao/.m2/repository/io/cucumber/junit-xml-formatter/0.1.0/junit-xml-formatter-0.1.0.jar:/Users/crizzynicdao/.m2/repository/io/cucumber/ci-environment/9.1.0/ci-environment-9.1.0.jar:/Users/crizzynicdao/.m2/repository/org/apiguardian/apiguardian-api/1.1.2/apiguardian-api-1.1.2.jar:/Users/crizzynicdao/.m2/repository/io/cucumber/cucumber-junit/7.11.2/cucumber-junit-7.11.2.jar:/Users/crizzynicdao/.m2/repository/junit/junit/4.13.2/junit-4.13.2.jar:/Users/crizzynicdao/.m2/repository/org/hamcrest/hamcrest-core/1.3/hamcrest-core-1.3.jar:/Users/crizzynicdao/.m2/repository/org/apache/poi/poi/5.2.3/poi-5.2.3.jar:/Users/crizzynicdao/.m2/repository/commons-codec/commons-codec/1.15/commons-codec-1.15.jar:/Users/crizzynicdao/.m2/repository/org/apache/commons/commons-collections4/4.4/commons-collections4-4.4.jar:/Users/crizzynicdao/.m2/repository/org/apache/commons/commons-math3/3.6.1/commons-math3-3.6.1.jar:/Users/crizzynicdao/.m2/repository/com/zaxxer/SparseBitSet/1.2/SparseBitSet-1.2.jar:/Users/crizzynicdao/.m2/repository/org/apache/logging/log4j/log4j-api/2.18.0/log4j-api-2.18.0.jar:/Users/crizzynicdao/.m2/repository/org/apache/poi/poi-ooxml/5.2.3/poi-ooxml-5.2.3.jar:/Users/crizzynicdao/.m2/repository/org/apache/poi/poi-ooxml-lite/5.2.3/poi-ooxml-lite-5.2.3.jar:/Users/crizzynicdao/.m2/repository/org/apache/xmlbeans/xmlbeans/5.1.1/xmlbeans-5.1.1.jar:/Users/crizzynicdao/.m2/repository/org/apache/commons/commons-compress/1.21/commons-compress-1.21.jar:/Users/crizzynicdao/.m2/repository/com/github/virtuald/curvesapi/1.07/curvesapi-1.07.jar:/Users/crizzynicdao/.m2/repository/commons-io/commons-io/2.11.0/commons-io-2.11.0.jar:/Users/crizzynicdao/.m2/repository/log4j/log4j/1.2.17/log4j-1.2.17.jar:"/>
    <property name="sun.cpu.endian" value="little"/>
    <property name="user.home" value="/Users/crizzynicdao"/>
    <property name="user.language" value="en"/>
    <property name="java.specification.vendor" value="Oracle Corporation"/>
    <property name="java.version.date" value="2023-03-21"/>
    <property name="java.home" value="/opt/homebrew/Cellar/openjdk/20/libexec/openjdk.jdk/Contents/Home"/>
    <property name="file.separator" value="/"/>
    <property name="basedir" value="/Users/crizzynicdao/IdeaProjects/CucumberBatch15"/>
    <property name="java.vm.compressedOopsMode" value="Zero based"/>
    <property name="line.separator" value="&#10;"/>
    <property name="java.vm.specification.vendor" value="Oracle Corporation"/>
    <property name="java.specification.name" value="Java Platform API Specification"/>
    <property name="apple.awt.application.name" value="ForkedBooter"/>
    <property name="surefire.real.class.path" value="/Users/crizzynicdao/IdeaProjects/CucumberBatch15/target/surefire/surefirebooter-20230503095410070_3.jar"/>
    <property name="sun.management.compiler" value="HotSpot 64-Bit Tiered Compilers"/>
    <property name="ftp.nonProxyHosts" value="local|*.local|169.254/16|*.169.254/16"/>
    <property name="java.runtime.version" value="20"/>
    <property name="user.name" value="crizzynicdao"/>
    <property name="stdout.encoding" value="UTF-8"/>
    <property name="path.separator" value=":"/>
    <property name="os.version" value="13.2.1"/>
    <property name="java.runtime.name" value="OpenJDK Runtime Environment"/>
    <property name="file.encoding" value="UTF-8"/>
    <property name="java.vm.name" value="OpenJDK 64-Bit Server VM"/>
    <property name="java.vendor.version" value="Homebrew"/>
    <property name="localRepository" value="/Users/crizzynicdao/.m2/repository"/>
    <property name="java.vendor.url.bug" value="https://github.com/Homebrew/homebrew-core/issues"/>
    <property name="java.io.tmpdir" value="/var/folders/1t/6mln5rsn61g7y0s_8g89_lvh0000gn/T/"/>
    <property name="java.version" value="20"/>
    <property name="user.dir" value="/Users/crizzynicdao/IdeaProjects/CucumberBatch15"/>
    <property name="os.arch" value="aarch64"/>
    <property name="java.vm.specification.name" value="Java Virtual Machine Specification"/>
    <property name="native.encoding" value="UTF-8"/>
    <property name="java.library.path" value="/Users/crizzynicdao/Library/Java/Extensions:/Library/Java/Extensions:/Network/Library/Java/Extensions:/System/Library/Java/Extensions:/usr/lib/java:."/>
    <property name="java.vm.info" value="mixed mode, sharing"/>
    <property name="stderr.encoding" value="UTF-8"/>
    <property name="java.vendor" value="Homebrew"/>
    <property name="java.vm.version" value="20"/>
    <property name="sun.io.unicode.encoding" value="UnicodeBig"/>
    <property name="socksNonProxyHosts" value="local|*.local|169.254/16|*.169.254/16"/>
    <property name="java.class.version" value="64.0"/>
  </properties>
  <testcase name="Add a new Employee" classname="Employee" time="7.885">
    <system-out><![CDATA[
@addEmp
Scenario: Add a new Employee                         &amp#27;[90m# src/test/resources/Features/AddEmployee.feature:3&amp#27;[0m
  &amp#27;[32mWhen &amp#27;[0m&amp#27;[32muser enters valid email and valid password&amp#27;[0m    &amp#27;[90m# StepDefinitions.Login.user_enters_valid_email_and_valid_password()&amp#27;[0m
  &amp#27;[32mAnd &amp#27;[0m&amp#27;[32mclick on login button&amp#27;[0m                          &amp#27;[90m# StepDefinitions.Login.click_on_login_button()&amp#27;[0m
  &amp#27;[32mWhen &amp#27;[0m&amp#27;[32muser click on PIM option&amp#27;[0m                      &amp#27;[90m# StepDefinitions.AddEmployee.user_click_on_pim_option()&amp#27;[0m
  &amp#27;[32mAnd &amp#27;[0m&amp#27;[32muser clicks on add employee button&amp#27;[0m             &amp#27;[90m# StepDefinitions.AddEmployee.user_clicks_on_add_employee_button()&amp#27;[0m
  &amp#27;[32mAnd &amp#27;[0m&amp#27;[32muser enters firstname, middlename and lastname&amp#27;[0m &amp#27;[90m# StepDefinitions.AddEmployee.user_enters_firstname_middlename_and_lastname()&amp#27;[0m

    Embedding Add a new Employee [image/png 171114 bytes]

]]></system-out>
    <system-err><![CDATA[SLF4J: Failed to load class "org.slf4j.impl.StaticLoggerBinder".
SLF4J: Defaulting to no-operation (NOP) logger implementation
SLF4J: See http://www.slf4j.org/codes.html#StaticLoggerBinder for further details.
ERROR StatusLogger Log4j2 could not find a logging implementation. Please add log4j-core to the classpath. Using SimpleLogger to log to the console...
Starting ChromeDriver 112.0.5615.49 (bd2a7bcb881c11e8cfe3078709382934e3916914-refs/branch-heads/5615@{#936}) on port 16142
Only local connections are allowed.
Please see https://chromedriver.chromium.org/security-considerations for suggestions on keeping ChromeDriver safe.
ChromeDriver was started successfully.
May 03, 2023 9:54:12 AM org.openqa.selenium.devtools.CdpVersionFinder findNearestMatch
WARNING: Unable to find an exact match for CDP version 112, so returning the closest version found: 111
log4j:WARN Continuable parsing error 4 and column 69
log4j:WARN Attribute "xmlns:log4j" with value "http://jakarta,apache.org/log4j/" must have a value of "http://jakarta.apache.org/log4j/".
log4j:WARN No such property [conversationPattern] in org.apache.log4j.PatternLayout.
]]></system-err>
  </testcase>
  <testcase name="Search employee by ID" classname="Searching the employee" time="6.706">
    <system-out><![CDATA[
@searchEmp
Scenario: Search employee by ID                   &amp#27;[90m# src/test/resources/Features/EmployeeSearch.feature:11&amp#27;[0m
  &amp#27;[32mWhen &amp#27;[0m&amp#27;[32muser enters valid email and valid password&amp#27;[0m &amp#27;[90m# StepDefinitions.Login.user_enters_valid_email_and_valid_password()&amp#27;[0m
  &amp#27;[32mAnd &amp#27;[0m&amp#27;[32mclick on login button&amp#27;[0m                       &amp#27;[90m# StepDefinitions.Login.click_on_login_button()&amp#27;[0m
  &amp#27;[32mWhen &amp#27;[0m&amp#27;[32muser click on PIM option&amp#27;[0m                   &amp#27;[90m# StepDefinitions.AddEmployee.user_click_on_pim_option()&amp#27;[0m
  &amp#27;[32mWhen &amp#27;[0m&amp#27;[32muser enters valid employee id&amp#27;[0m              &amp#27;[90m# StepDefinitions.EmployeeSearch.user_enters_valid_employee_id()&amp#27;[0m
  &amp#27;[32mAnd &amp#27;[0m&amp#27;[32muser clicks on search button&amp#27;[0m                &amp#27;[90m# StepDefinitions.EmployeeSearch.user_clicks_on_search_button()&amp#27;[0m
The employee is displayed
  &amp#27;[32mAnd &amp#27;[0m&amp#27;[32muser see employee information is displayed&amp#27;[0m  &amp#27;[90m# StepDefinitions.EmployeeSearch.user_see_employee_information_is_displayed()&amp#27;[0m

    Embedding Search employee by ID [image/png 181940 bytes]

]]></system-out>
    <system-err><![CDATA[Starting ChromeDriver 112.0.5615.49 (bd2a7bcb881c11e8cfe3078709382934e3916914-refs/branch-heads/5615@{#936}) on port 15381
Only local connections are allowed.
Please see https://chromedriver.chromium.org/security-considerations for suggestions on keeping ChromeDriver safe.
ChromeDriver was started successfully.
May 03, 2023 9:54:19 AM org.openqa.selenium.devtools.CdpVersionFinder findNearestMatch
WARNING: Unable to find an exact match for CDP version 112, so returning the closest version found: 111
log4j:WARN Continuable parsing error 4 and column 69
log4j:WARN Attribute "xmlns:log4j" with value "http://jakarta,apache.org/log4j/" must have a value of "http://jakarta.apache.org/log4j/".
log4j:WARN No such property [conversationPattern] in org.apache.log4j.PatternLayout.
]]></system-err>
  </testcase>
  <testcase name="search employee by job title" classname="Searching the employee" time="10.209">
    <system-out><![CDATA[
@seachEmp2
Scenario: search employee by job title            &amp#27;[90m# src/test/resources/Features/EmployeeSearch.feature:22&amp#27;[0m
  &amp#27;[32mWhen &amp#27;[0m&amp#27;[32muser enters valid email and valid password&amp#27;[0m &amp#27;[90m# StepDefinitions.Login.user_enters_valid_email_and_valid_password()&amp#27;[0m
  &amp#27;[32mAnd &amp#27;[0m&amp#27;[32mclick on login button&amp#27;[0m                       &amp#27;[90m# StepDefinitions.Login.click_on_login_button()&amp#27;[0m
  &amp#27;[32mWhen &amp#27;[0m&amp#27;[32muser click on PIM option&amp#27;[0m                   &amp#27;[90m# StepDefinitions.AddEmployee.user_click_on_pim_option()&amp#27;[0m
  &amp#27;[32mWhen &amp#27;[0m&amp#27;[32muser select Job title&amp#27;[0m                      &amp#27;[90m# StepDefinitions.EmployeeSearch.user_select_job_title()&amp#27;[0m
  &amp#27;[32mAnd &amp#27;[0m&amp#27;[32muser clicks on search button&amp#27;[0m                &amp#27;[90m# StepDefinitions.EmployeeSearch.user_clicks_on_search_button()&amp#27;[0m
The employee is displayed
  &amp#27;[32mAnd &amp#27;[0m&amp#27;[32muser see employee information is displayed&amp#27;[0m  &amp#27;[90m# StepDefinitions.EmployeeSearch.user_see_employee_information_is_displayed()&amp#27;[0m

    Embedding search employee by job title [image/png 254160 bytes]

]]></system-out>
    <system-err><![CDATA[Starting ChromeDriver 112.0.5615.49 (bd2a7bcb881c11e8cfe3078709382934e3916914-refs/branch-heads/5615@{#936}) on port 6904
Only local connections are allowed.
Please see https://chromedriver.chromium.org/security-considerations for suggestions on keeping ChromeDriver safe.
ChromeDriver was started successfully.
May 03, 2023 9:54:26 AM org.openqa.selenium.devtools.CdpVersionFinder findNearestMatch
WARNING: Unable to find an exact match for CDP version 112, so returning the closest version found: 111
log4j:WARN Continuable parsing error 4 and column 69
log4j:WARN Attribute "xmlns:log4j" with value "http://jakarta,apache.org/log4j/" must have a value of "http://jakarta.apache.org/log4j/".
log4j:WARN No such property [conversationPattern] in org.apache.log4j.PatternLayout.
]]></system-err>
  </testcase>
  <testcase name="Valid Admin Login #1" classname="Login Functionality" time="3.283">
    <system-out><![CDATA[
@smoke
Scenario: Valid Admin Login                       &amp#27;[90m# src/test/resources/Features/Login.feature:3&amp#27;[0m
  &amp#27;[32mWhen &amp#27;[0m&amp#27;[32muser enters valid email and valid password&amp#27;[0m &amp#27;[90m# StepDefinitions.Login.user_enters_valid_email_and_valid_password()&amp#27;[0m
  &amp#27;[32mAnd &amp#27;[0m&amp#27;[32mclick on login button&amp#27;[0m                       &amp#27;[90m# StepDefinitions.Login.click_on_login_button()&amp#27;[0m
User is logged in successfully
  &amp#27;[32mThen &amp#27;[0m&amp#27;[32muser is logged in successfully&amp#27;[0m             &amp#27;[90m# StepDefinitions.Login.user_is_logged_in_successfully()&amp#27;[0m

    Embedding Valid Admin Login [image/png 141239 bytes]

]]></system-out>
    <system-err><![CDATA[Starting ChromeDriver 112.0.5615.49 (bd2a7bcb881c11e8cfe3078709382934e3916914-refs/branch-heads/5615@{#936}) on port 23605
Only local connections are allowed.
Please see https://chromedriver.chromium.org/security-considerations for suggestions on keeping ChromeDriver safe.
ChromeDriver was started successfully.
May 03, 2023 9:54:36 AM org.openqa.selenium.devtools.CdpVersionFinder findNearestMatch
WARNING: Unable to find an exact match for CDP version 112, so returning the closest version found: 111
log4j:WARN Continuable parsing error 4 and column 69
log4j:WARN Attribute "xmlns:log4j" with value "http://jakarta,apache.org/log4j/" must have a value of "http://jakarta.apache.org/log4j/".
log4j:WARN No such property [conversationPattern] in org.apache.log4j.PatternLayout.
]]></system-err>
  </testcase>
  <testcase name="Valid Admin Login #2" classname="Login Functionality" time="3.301">
    <system-out><![CDATA[
@smoke2
Scenario: Valid Admin Login                              &amp#27;[90m# src/test/resources/Features/Login.feature:11&amp#27;[0m
  &amp#27;[32mWhen &amp#27;[0m&amp#27;[32muser enters valid &amp#27;[0m&amp#27;[32m&amp#27;[1m"admin"&amp#27;[0m&amp#27;[32m and valid &amp#27;[0m&amp#27;[32m&amp#27;[1m"Hum@nhrm123"&amp#27;[0m &amp#27;[90m# StepDefinitions.Login.user_enters_valid_and_valid(java.lang.String,java.lang.String)&amp#27;[0m
  &amp#27;[32mAnd &amp#27;[0m&amp#27;[32mclick on login button&amp#27;[0m                              &amp#27;[90m# StepDefinitions.Login.click_on_login_button()&amp#27;[0m
User is logged in successfully
  &amp#27;[32mThen &amp#27;[0m&amp#27;[32muser is logged in successfully&amp#27;[0m                    &amp#27;[90m# StepDefinitions.Login.user_is_logged_in_successfully()&amp#27;[0m

    Embedding Valid Admin Login [image/png 141239 bytes]

]]></system-out>
    <system-err><![CDATA[Starting ChromeDriver 112.0.5615.49 (bd2a7bcb881c11e8cfe3078709382934e3916914-refs/branch-heads/5615@{#936}) on port 27137
Only local connections are allowed.
Please see https://chromedriver.chromium.org/security-considerations for suggestions on keeping ChromeDriver safe.
ChromeDriver was started successfully.
May 03, 2023 9:54:39 AM org.openqa.selenium.devtools.CdpVersionFinder findNearestMatch
WARNING: Unable to find an exact match for CDP version 112, so returning the closest version found: 111
log4j:WARN Continuable parsing error 4 and column 69
log4j:WARN Attribute "xmlns:log4j" with value "http://jakarta,apache.org/log4j/" must have a value of "http://jakarta.apache.org/log4j/".
log4j:WARN No such property [conversationPattern] in org.apache.log4j.PatternLayout.
]]></system-err>
  </testcase>
  <testcase name="Login with multiple credentials using ScenarioOutline #1" classname="Login Functionality" time="3.306">
    <system-out><![CDATA[
@scenarioOutline
Scenario Outline: Login with multiple credentials using ScenarioOutline &amp#27;[90m# src/test/resources/Features/Login.feature:28&amp#27;[0m
  &amp#27;[32mWhen &amp#27;[0m&amp#27;[32muser enters valid &amp#27;[0m&amp#27;[32m&amp#27;[1m"admin"&amp#27;[0m&amp#27;[32m and valid &amp#27;[0m&amp#27;[32m&amp#27;[1m"Hum@nhrm123"&amp#27;[0m                &amp#27;[90m# StepDefinitions.Login.user_enters_valid_and_valid(java.lang.String,java.lang.String)&amp#27;[0m
  &amp#27;[32mAnd &amp#27;[0m&amp#27;[32mclick on login button&amp#27;[0m                                             &amp#27;[90m# StepDefinitions.Login.click_on_login_button()&amp#27;[0m
User is logged in successfully
  &amp#27;[32mThen &amp#27;[0m&amp#27;[32muser is logged in successfully&amp#27;[0m                                   &amp#27;[90m# StepDefinitions.Login.user_is_logged_in_successfully()&amp#27;[0m

    Embedding Login with multiple credentials using ScenarioOutline [image/png 141239 bytes]

]]></system-out>
    <system-err><![CDATA[Starting ChromeDriver 112.0.5615.49 (bd2a7bcb881c11e8cfe3078709382934e3916914-refs/branch-heads/5615@{#936}) on port 42424
Only local connections are allowed.
Please see https://chromedriver.chromium.org/security-considerations for suggestions on keeping ChromeDriver safe.
ChromeDriver was started successfully.
May 03, 2023 9:54:42 AM org.openqa.selenium.devtools.CdpVersionFinder findNearestMatch
WARNING: Unable to find an exact match for CDP version 112, so returning the closest version found: 111
log4j:WARN Continuable parsing error 4 and column 69
log4j:WARN Attribute "xmlns:log4j" with value "http://jakarta,apache.org/log4j/" must have a value of "http://jakarta.apache.org/log4j/".
log4j:WARN No such property [conversationPattern] in org.apache.log4j.PatternLayout.
]]></system-err>
  </testcase>
  <testcase name="Login with multiple credentials using ScenarioOutline #2" classname="Login Functionality" time="3.179">
    <system-out><![CDATA[
@scenarioOutline
Scenario Outline: Login with multiple credentials using ScenarioOutline &amp#27;[90m# src/test/resources/Features/Login.feature:29&amp#27;[0m
  &amp#27;[32mWhen &amp#27;[0m&amp#27;[32muser enters valid &amp#27;[0m&amp#27;[32m&amp#27;[1m"ADMIN"&amp#27;[0m&amp#27;[32m and valid &amp#27;[0m&amp#27;[32m&amp#27;[1m"Hum@nhrm123"&amp#27;[0m                &amp#27;[90m# StepDefinitions.Login.user_enters_valid_and_valid(java.lang.String,java.lang.String)&amp#27;[0m
  &amp#27;[32mAnd &amp#27;[0m&amp#27;[32mclick on login button&amp#27;[0m                                             &amp#27;[90m# StepDefinitions.Login.click_on_login_button()&amp#27;[0m
User is logged in successfully
  &amp#27;[32mThen &amp#27;[0m&amp#27;[32muser is logged in successfully&amp#27;[0m                                   &amp#27;[90m# StepDefinitions.Login.user_is_logged_in_successfully()&amp#27;[0m

    Embedding Login with multiple credentials using ScenarioOutline [image/png 141239 bytes]

]]></system-out>
    <system-err><![CDATA[Starting ChromeDriver 112.0.5615.49 (bd2a7bcb881c11e8cfe3078709382934e3916914-refs/branch-heads/5615@{#936}) on port 39968
Only local connections are allowed.
Please see https://chromedriver.chromium.org/security-considerations for suggestions on keeping ChromeDriver safe.
ChromeDriver was started successfully.
May 03, 2023 9:54:46 AM org.openqa.selenium.devtools.CdpVersionFinder findNearestMatch
WARNING: Unable to find an exact match for CDP version 112, so returning the closest version found: 111
log4j:WARN Continuable parsing error 4 and column 69
log4j:WARN Attribute "xmlns:log4j" with value "http://jakarta,apache.org/log4j/" must have a value of "http://jakarta.apache.org/log4j/".
log4j:WARN No such property [conversationPattern] in org.apache.log4j.PatternLayout.
]]></system-err>
  </testcase>
  <testcase name="Login with multiple credentials using ScenarioOutline #3" classname="Login Functionality" time="3.771">
    <error message="no such element: Unable to locate element: {&quot;method&quot;:&quot;xpath&quot;,&quot;selector&quot;:&quot;//a[contains(text(), &apos;Welcome&apos;)]&quot;}&#10;  (Session info: chrome=112.0.5615.137)&#10;For documentation on this error, please visit: https://selenium.dev/exceptions/#no_such_element&#10;Build info: version: &apos;4.8.3&apos;, revision: &apos;e5e76298c3&apos;&#10;System info: os.name: &apos;Mac OS X&apos;, os.arch: &apos;aarch64&apos;, os.version: &apos;13.2.1&apos;, java.version: &apos;20&apos;&#10;Driver info: org.openqa.selenium.chrome.ChromeDriver&#10;Command: [ef98ec582d891defc69394e6f0680257, findElement {using=xpath, value=//a[contains(text(), &apos;Welcome&apos;)]}]&#10;Capabilities {acceptInsecureCerts: false, browserName: chrome, browserVersion: 112.0.5615.137, chrome: {chromedriverVersion: 112.0.5615.49 (bd2a7bcb881c..., userDataDir: /var/folders/1t/6mln5rsn61g...}, goog:chromeOptions: {debuggerAddress: localhost:59769}, networkConnectionEnabled: false, pageLoadStrategy: normal, platformName: MAC, proxy: Proxy(), se:cdp: ws://localhost:59769/devtoo..., se:cdpVersion: 112.0.5615.137, setWindowRect: true, strictFileInteractability: false, timeouts: {implicit: 0, pageLoad: 300000, script: 30000}, unhandledPromptBehavior: dismiss and notify, webauthn:extension:credBlob: true, webauthn:extension:largeBlob: true, webauthn:extension:minPinLength: true, webauthn:extension:prf: true, webauthn:virtualAuthenticators: true}&#10;Session ID: ef98ec582d891defc69394e6f0680257" type="org.openqa.selenium.NoSuchElementException"><![CDATA[org.openqa.selenium.NoSuchElementException: 
no such element: Unable to locate element: {"method":"xpath","selector":"//a[contains(text(), 'Welcome')]"}
  (Session info: chrome=112.0.5615.137)
For documentation on this error, please visit: https://selenium.dev/exceptions/#no_such_element
Build info: version: '4.8.3', revision: 'e5e76298c3'
System info: os.name: 'Mac OS X', os.arch: 'aarch64', os.version: '13.2.1', java.version: '20'
Driver info: org.openqa.selenium.chrome.ChromeDriver
Command: [ef98ec582d891defc69394e6f0680257, findElement {using=xpath, value=//a[contains(text(), 'Welcome')]}]
Capabilities {acceptInsecureCerts: false, browserName: chrome, browserVersion: 112.0.5615.137, chrome: {chromedriverVersion: 112.0.5615.49 (bd2a7bcb881c..., userDataDir: /var/folders/1t/6mln5rsn61g...}, goog:chromeOptions: {debuggerAddress: localhost:59769}, networkConnectionEnabled: false, pageLoadStrategy: normal, platformName: MAC, proxy: Proxy(), se:cdp: ws://localhost:59769/devtoo..., se:cdpVersion: 112.0.5615.137, setWindowRect: true, strictFileInteractability: false, timeouts: {implicit: 0, pageLoad: 300000, script: 30000}, unhandledPromptBehavior: dismiss and notify, webauthn:extension:credBlob: true, webauthn:extension:largeBlob: true, webauthn:extension:minPinLength: true, webauthn:extension:prf: true, webauthn:virtualAuthenticators: true}
Session ID: ef98ec582d891defc69394e6f0680257
	at java.base/jdk.internal.reflect.DirectConstructorHandleAccessor.newInstance(DirectConstructorHandleAccessor.java:67)
	at java.base/java.lang.reflect.Constructor.newInstanceWithCaller(Constructor.java:500)
	at java.base/java.lang.reflect.Constructor.newInstance(Constructor.java:484)
	at org.openqa.selenium.remote.codec.w3c.W3CHttpResponseCodec.createException(W3CHttpResponseCodec.java:200)
	at org.openqa.selenium.remote.codec.w3c.W3CHttpResponseCodec.decode(W3CHttpResponseCodec.java:133)
	at org.openqa.selenium.remote.codec.w3c.W3CHttpResponseCodec.decode(W3CHttpResponseCodec.java:53)
	at org.openqa.selenium.remote.HttpCommandExecutor.execute(HttpCommandExecutor.java:193)
	at org.openqa.selenium.remote.service.DriverCommandExecutor.invokeExecute(DriverCommandExecutor.java:183)
	at org.openqa.selenium.remote.service.DriverCommandExecutor.execute(DriverCommandExecutor.java:158)
	at org.openqa.selenium.remote.RemoteWebDriver.execute(RemoteWebDriver.java:543)
	at org.openqa.selenium.remote.ElementLocation$ElementFinder$2.findElement(ElementLocation.java:162)
	at org.openqa.selenium.remote.ElementLocation.findElement(ElementLocation.java:60)
	at org.openqa.selenium.remote.RemoteWebDriver.findElement(RemoteWebDriver.java:352)
	at org.openqa.selenium.remote.RemoteWebDriver.findElement(RemoteWebDriver.java:344)
	at StepDefinitions.Login.user_is_logged_in_successfully(Login.java:41)
	at ✽.user is logged in successfully(file:///Users/crizzynicdao/IdeaProjects/CucumberBatch15/src/test/resources/Features/Login.feature:24)
]]></error>
    <system-out><![CDATA[
@scenarioOutline
Scenario Outline: Login with multiple credentials using ScenarioOutline &amp#27;[90m# src/test/resources/Features/Login.feature:30&amp#27;[0m
  &amp#27;[32mWhen &amp#27;[0m&amp#27;[32muser enters valid &amp#27;[0m&amp#27;[32m&amp#27;[1m"Jason"&amp#27;[0m&amp#27;[32m and valid &amp#27;[0m&amp#27;[32m&amp#27;[1m"Hum@nhrm123"&amp#27;[0m                &amp#27;[90m# StepDefinitions.Login.user_enters_valid_and_valid(java.lang.String,java.lang.String)&amp#27;[0m
  &amp#27;[32mAnd &amp#27;[0m&amp#27;[32mclick on login button&amp#27;[0m                                             &amp#27;[90m# StepDefinitions.Login.click_on_login_button()&amp#27;[0m
  &amp#27;[31mThen &amp#27;[0m&amp#27;[31muser is logged in successfully&amp#27;[0m                                   &amp#27;[90m# StepDefinitions.Login.user_is_logged_in_successfully()&amp#27;[0m
      &amp#27;[31morg.openqa.selenium.NoSuchElementException: no such element: Unable to locate element: {"method":"xpath","selector":"//a[contains(text(), 'Welcome')]"}
  (Session info: chrome=112.0.5615.137)
For documentation on this error, please visit: https://selenium.dev/exceptions/#no_such_element
Build info: version: '4.8.3', revision: 'e5e76298c3'
System info: os.name: 'Mac OS X', os.arch: 'aarch64', os.version: '13.2.1', java.version: '20'
Driver info: org.openqa.selenium.chrome.ChromeDriver
Command: [ef98ec582d891defc69394e6f0680257, findElement {using=xpath, value=//a[contains(text(), 'Welcome')]}]
Capabilities {acceptInsecureCerts: false, browserName: chrome, browserVersion: 112.0.5615.137, chrome: {chromedriverVersion: 112.0.5615.49 (bd2a7bcb881c..., userDataDir: /var/folders/1t/6mln5rsn61g...}, goog:chromeOptions: {debuggerAddress: localhost:59769}, networkConnectionEnabled: false, pageLoadStrategy: normal, platformName: MAC, proxy: Proxy(), se:cdp: ws://localhost:59769/devtoo..., se:cdpVersion: 112.0.5615.137, setWindowRect: true, strictFileInteractability: false, timeouts: {implicit: 0, pageLoad: 300000, script: 30000}, unhandledPromptBehavior: dismiss and notify, webauthn:extension:credBlob: true, webauthn:extension:largeBlob: true, webauthn:extension:minPinLength: true, webauthn:extension:prf: true, webauthn:virtualAuthenticators: true}
Session ID: ef98ec582d891defc69394e6f0680257
	at java.base/jdk.internal.reflect.DirectConstructorHandleAccessor.newInstance(DirectConstructorHandleAccessor.java:67)
	at java.base/java.lang.reflect.Constructor.newInstanceWithCaller(Constructor.java:500)
	at java.base/java.lang.reflect.Constructor.newInstance(Constructor.java:484)
	at org.openqa.selenium.remote.codec.w3c.W3CHttpResponseCodec.createException(W3CHttpResponseCodec.java:200)
	at org.openqa.selenium.remote.codec.w3c.W3CHttpResponseCodec.decode(W3CHttpResponseCodec.java:133)
	at org.openqa.selenium.remote.codec.w3c.W3CHttpResponseCodec.decode(W3CHttpResponseCodec.java:53)
	at org.openqa.selenium.remote.HttpCommandExecutor.execute(HttpCommandExecutor.java:193)
	at org.openqa.selenium.remote.service.DriverCommandExecutor.invokeExecute(DriverCommandExecutor.java:183)
	at org.openqa.selenium.remote.service.DriverCommandExecutor.execute(DriverCommandExecutor.java:158)
	at org.openqa.selenium.remote.RemoteWebDriver.execute(RemoteWebDriver.java:543)
	at org.openqa.selenium.remote.ElementLocation$ElementFinder$2.findElement(ElementLocation.java:162)
	at org.openqa.selenium.remote.ElementLocation.findElement(ElementLocation.java:60)
	at org.openqa.selenium.remote.RemoteWebDriver.findElement(RemoteWebDriver.java:352)
	at org.openqa.selenium.remote.RemoteWebDriver.findElement(RemoteWebDriver.java:344)
	at StepDefinitions.Login.user_is_logged_in_successfully(Login.java:41)
	at ✽.user is logged in successfully(file:///Users/crizzynicdao/IdeaProjects/CucumberBatch15/src/test/resources/Features/Login.feature:24)
&amp#27;[0m

    Embedding Login with multiple credentials using ScenarioOutline [image/png 253392 bytes]

]]></system-out>
    <system-err><![CDATA[Starting ChromeDriver 112.0.5615.49 (bd2a7bcb881c11e8cfe3078709382934e3916914-refs/branch-heads/5615@{#936}) on port 35918
Only local connections are allowed.
Please see https://chromedriver.chromium.org/security-considerations for suggestions on keeping ChromeDriver safe.
ChromeDriver was started successfully.
May 03, 2023 9:54:49 AM org.openqa.selenium.devtools.CdpVersionFinder findNearestMatch
WARNING: Unable to find an exact match for CDP version 112, so returning the closest version found: 111
log4j:WARN Continuable parsing error 4 and column 69
log4j:WARN Attribute "xmlns:log4j" with value "http://jakarta,apache.org/log4j/" must have a value of "http://jakarta.apache.org/log4j/".
log4j:WARN No such property [conversationPattern] in org.apache.log4j.PatternLayout.
]]></system-err>
  </testcase>
  <testcase name="Login with multiple credentials using data table" classname="Login Functionality" time="7.729">
    <error message="no such element: Unable to locate element: {&quot;method&quot;:&quot;css selector&quot;,&quot;selector&quot;:&quot;#welcome&quot;}&#10;  (Session info: chrome=112.0.5615.137)&#10;For documentation on this error, please visit: https://selenium.dev/exceptions/#no_such_element&#10;Build info: version: &apos;4.8.3&apos;, revision: &apos;e5e76298c3&apos;&#10;System info: os.name: &apos;Mac OS X&apos;, os.arch: &apos;aarch64&apos;, os.version: &apos;13.2.1&apos;, java.version: &apos;20&apos;&#10;Driver info: org.openqa.selenium.chrome.ChromeDriver&#10;Command: [94d559900ed93fd0daad2eaaed2acc3a, findElement {using=id, value=welcome}]&#10;Capabilities {acceptInsecureCerts: false, browserName: chrome, browserVersion: 112.0.5615.137, chrome: {chromedriverVersion: 112.0.5615.49 (bd2a7bcb881c..., userDataDir: /var/folders/1t/6mln5rsn61g...}, goog:chromeOptions: {debuggerAddress: localhost:59785}, networkConnectionEnabled: false, pageLoadStrategy: normal, platformName: MAC, proxy: Proxy(), se:cdp: ws://localhost:59785/devtoo..., se:cdpVersion: 112.0.5615.137, setWindowRect: true, strictFileInteractability: false, timeouts: {implicit: 0, pageLoad: 300000, script: 30000}, unhandledPromptBehavior: dismiss and notify, webauthn:extension:credBlob: true, webauthn:extension:largeBlob: true, webauthn:extension:minPinLength: true, webauthn:extension:prf: true, webauthn:virtualAuthenticators: true}&#10;Session ID: 94d559900ed93fd0daad2eaaed2acc3a" type="org.openqa.selenium.NoSuchElementException"><![CDATA[org.openqa.selenium.NoSuchElementException: 
no such element: Unable to locate element: {"method":"css selector","selector":"#welcome"}
  (Session info: chrome=112.0.5615.137)
For documentation on this error, please visit: https://selenium.dev/exceptions/#no_such_element
Build info: version: '4.8.3', revision: 'e5e76298c3'
System info: os.name: 'Mac OS X', os.arch: 'aarch64', os.version: '13.2.1', java.version: '20'
Driver info: org.openqa.selenium.chrome.ChromeDriver
Command: [94d559900ed93fd0daad2eaaed2acc3a, findElement {using=id, value=welcome}]
Capabilities {acceptInsecureCerts: false, browserName: chrome, browserVersion: 112.0.5615.137, chrome: {chromedriverVersion: 112.0.5615.49 (bd2a7bcb881c..., userDataDir: /var/folders/1t/6mln5rsn61g...}, goog:chromeOptions: {debuggerAddress: localhost:59785}, networkConnectionEnabled: false, pageLoadStrategy: normal, platformName: MAC, proxy: Proxy(), se:cdp: ws://localhost:59785/devtoo..., se:cdpVersion: 112.0.5615.137, setWindowRect: true, strictFileInteractability: false, timeouts: {implicit: 0, pageLoad: 300000, script: 30000}, unhandledPromptBehavior: dismiss and notify, webauthn:extension:credBlob: true, webauthn:extension:largeBlob: true, webauthn:extension:minPinLength: true, webauthn:extension:prf: true, webauthn:virtualAuthenticators: true}
Session ID: 94d559900ed93fd0daad2eaaed2acc3a
	at java.base/jdk.internal.reflect.DirectConstructorHandleAccessor.newInstance(DirectConstructorHandleAccessor.java:67)
	at java.base/java.lang.reflect.Constructor.newInstanceWithCaller(Constructor.java:500)
	at java.base/java.lang.reflect.Constructor.newInstance(Constructor.java:484)
	at org.openqa.selenium.remote.codec.w3c.W3CHttpResponseCodec.createException(W3CHttpResponseCodec.java:200)
	at org.openqa.selenium.remote.codec.w3c.W3CHttpResponseCodec.decode(W3CHttpResponseCodec.java:133)
	at org.openqa.selenium.remote.codec.w3c.W3CHttpResponseCodec.decode(W3CHttpResponseCodec.java:53)
	at org.openqa.selenium.remote.HttpCommandExecutor.execute(HttpCommandExecutor.java:193)
	at org.openqa.selenium.remote.service.DriverCommandExecutor.invokeExecute(DriverCommandExecutor.java:183)
	at org.openqa.selenium.remote.service.DriverCommandExecutor.execute(DriverCommandExecutor.java:158)
	at org.openqa.selenium.remote.RemoteWebDriver.execute(RemoteWebDriver.java:543)
	at org.openqa.selenium.remote.ElementLocation$ElementFinder$2.findElement(ElementLocation.java:162)
	at org.openqa.selenium.remote.ElementLocation.findElement(ElementLocation.java:60)
	at org.openqa.selenium.remote.RemoteWebDriver.findElement(RemoteWebDriver.java:352)
	at org.openqa.selenium.remote.RemoteWebDriver.findElement(RemoteWebDriver.java:344)
	at org.openqa.selenium.support.pagefactory.DefaultElementLocator.findElement(DefaultElementLocator.java:70)
	at org.openqa.selenium.support.pagefactory.internal.LocatingElementHandler.invoke(LocatingElementHandler.java:39)
	at jdk.proxy2/jdk.proxy2.$Proxy23.click(Unknown Source)
	at Utils.CommonMethods.doClick(CommonMethods.java:66)
	at StepDefinitions.Login.user_enters_username_and_password_and_verifies_login(Login.java:71)
	at ✽.user enters username and password and verifies login(file:///Users/crizzynicdao/IdeaProjects/CucumberBatch15/src/test/resources/Features/Login.feature:35)
]]></error>
    <system-out><![CDATA[
@dataTable
Scenario: Login with multiple credentials using data table  &amp#27;[90m# src/test/resources/Features/Login.feature:34&amp#27;[0m
  &amp#27;[31mWhen &amp#27;[0m&amp#27;[31muser enters username and password and verifies login&amp#27;[0m &amp#27;[90m# StepDefinitions.Login.user_enters_username_and_password_and_verifies_login(io.cucumber.datatable.DataTable)&amp#27;[0m
    | username | password    |
    | admin    | Hum@nhrm123 |
    | ADMIN    | Hum@nhrm123 |
    | Jason    | Hum@nhrm123 |
      &amp#27;[31morg.openqa.selenium.NoSuchElementException: no such element: Unable to locate element: {"method":"css selector","selector":"#welcome"}
  (Session info: chrome=112.0.5615.137)
For documentation on this error, please visit: https://selenium.dev/exceptions/#no_such_element
Build info: version: '4.8.3', revision: 'e5e76298c3'
System info: os.name: 'Mac OS X', os.arch: 'aarch64', os.version: '13.2.1', java.version: '20'
Driver info: org.openqa.selenium.chrome.ChromeDriver
Command: [94d559900ed93fd0daad2eaaed2acc3a, findElement {using=id, value=welcome}]
Capabilities {acceptInsecureCerts: false, browserName: chrome, browserVersion: 112.0.5615.137, chrome: {chromedriverVersion: 112.0.5615.49 (bd2a7bcb881c..., userDataDir: /var/folders/1t/6mln5rsn61g...}, goog:chromeOptions: {debuggerAddress: localhost:59785}, networkConnectionEnabled: false, pageLoadStrategy: normal, platformName: MAC, proxy: Proxy(), se:cdp: ws://localhost:59785/devtoo..., se:cdpVersion: 112.0.5615.137, setWindowRect: true, strictFileInteractability: false, timeouts: {implicit: 0, pageLoad: 300000, script: 30000}, unhandledPromptBehavior: dismiss and notify, webauthn:extension:credBlob: true, webauthn:extension:largeBlob: true, webauthn:extension:minPinLength: true, webauthn:extension:prf: true, webauthn:virtualAuthenticators: true}
Session ID: 94d559900ed93fd0daad2eaaed2acc3a
	at java.base/jdk.internal.reflect.DirectConstructorHandleAccessor.newInstance(DirectConstructorHandleAccessor.java:67)
	at java.base/java.lang.reflect.Constructor.newInstanceWithCaller(Constructor.java:500)
	at java.base/java.lang.reflect.Constructor.newInstance(Constructor.java:484)
	at org.openqa.selenium.remote.codec.w3c.W3CHttpResponseCodec.createException(W3CHttpResponseCodec.java:200)
	at org.openqa.selenium.remote.codec.w3c.W3CHttpResponseCodec.decode(W3CHttpResponseCodec.java:133)
	at org.openqa.selenium.remote.codec.w3c.W3CHttpResponseCodec.decode(W3CHttpResponseCodec.java:53)
	at org.openqa.selenium.remote.HttpCommandExecutor.execute(HttpCommandExecutor.java:193)
	at org.openqa.selenium.remote.service.DriverCommandExecutor.invokeExecute(DriverCommandExecutor.java:183)
	at org.openqa.selenium.remote.service.DriverCommandExecutor.execute(DriverCommandExecutor.java:158)
	at org.openqa.selenium.remote.RemoteWebDriver.execute(RemoteWebDriver.java:543)
	at org.openqa.selenium.remote.ElementLocation$ElementFinder$2.findElement(ElementLocation.java:162)
	at org.openqa.selenium.remote.ElementLocation.findElement(ElementLocation.java:60)
	at org.openqa.selenium.remote.RemoteWebDriver.findElement(RemoteWebDriver.java:352)
	at org.openqa.selenium.remote.RemoteWebDriver.findElement(RemoteWebDriver.java:344)
	at org.openqa.selenium.support.pagefactory.DefaultElementLocator.findElement(DefaultElementLocator.java:70)
	at org.openqa.selenium.support.pagefactory.internal.LocatingElementHandler.invoke(LocatingElementHandler.java:39)
	at jdk.proxy2/jdk.proxy2.$Proxy23.click(Unknown Source)
	at Utils.CommonMethods.doClick(CommonMethods.java:66)
	at StepDefinitions.Login.user_enters_username_and_password_and_verifies_login(Login.java:71)
	at ✽.user enters username and password and verifies login(file:///Users/crizzynicdao/IdeaProjects/CucumberBatch15/src/test/resources/Features/Login.feature:35)
&amp#27;[0m

    Embedding Login with multiple credentials using data table [image/png 253392 bytes]

]]></system-out>
    <system-err><![CDATA[Starting ChromeDriver 112.0.5615.49 (bd2a7bcb881c11e8cfe3078709382934e3916914-refs/branch-heads/5615@{#936}) on port 39841
Only local connections are allowed.
Please see https://chromedriver.chromium.org/security-considerations for suggestions on keeping ChromeDriver safe.
ChromeDriver was started successfully.
May 03, 2023 9:54:53 AM org.openqa.selenium.devtools.CdpVersionFinder findNearestMatch
WARNING: Unable to find an exact match for CDP version 112, so returning the closest version found: 111
log4j:WARN Continuable parsing error 4 and column 69
log4j:WARN Attribute "xmlns:log4j" with value "http://jakarta,apache.org/log4j/" must have a value of "http://jakarta.apache.org/log4j/".
log4j:WARN No such property [conversationPattern] in org.apache.log4j.PatternLayout.
]]></system-err>
  </testcase>
</testsuite>